2026-05-19 07:35:11,174 INFO o.a.j.u.JMeterUtils: Setting Locale to en_EN
2026-05-19 07:35:11,236 INFO o.a.j.JMeter: Loading user properties from: /opt/apache-jmeter-5.5/bin/user.properties
2026-05-19 07:35:11,238 INFO o.a.j.JMeter: Loading system properties from: /opt/apache-jmeter-5.5/bin/system.properties
2026-05-19 07:35:11,239 INFO o.a.j.JMeter: Setting System property: log4j2.formatMsgNoLookups=true
2026-05-19 07:35:11,239 INFO o.a.j.JMeter: Setting JMeter property: BASE_HOST=app
2026-05-19 07:35:11,240 INFO o.a.j.JMeter: Setting JMeter property: BASE_PORT=8080
2026-05-19 07:35:11,241 INFO o.a.j.JMeter: Setting JMeter property: NORMAL_THREADS=2
2026-05-19 07:35:11,241 INFO o.a.j.JMeter: Setting JMeter property: NORMAL_LOOPS=2
2026-05-19 07:35:11,241 INFO o.a.j.JMeter: Setting JMeter property: NORMAL_RAMP=1
2026-05-19 07:35:11,242 INFO o.a.j.JMeter: Setting JMeter property: LOAD_THREADS=1
2026-05-19 07:35:11,243 INFO o.a.j.JMeter: Setting JMeter property: LOAD_LOOPS=1
2026-05-19 07:35:11,243 INFO o.a.j.JMeter: Setting JMeter property: LOAD_RAMP=1
2026-05-19 07:35:11,244 INFO o.a.j.JMeter: Setting JMeter property: STRESS_THREADS=1
2026-05-19 07:35:11,244 INFO o.a.j.JMeter: Setting JMeter property: STRESS_RAMP=1
2026-05-19 07:35:11,244 INFO o.a.j.JMeter: Setting JMeter property: STRESS_DURATION=5
2026-05-19 07:35:11,245 INFO o.a.j.JMeter: Setting JMeter property: STRESS_DELAY=0
2026-05-19 07:35:11,265 INFO o.a.j.JMeter: Copyright (c) 1998-2022 The Apache Software Foundation
2026-05-19 07:35:11,266 INFO o.a.j.JMeter: Version 5.5
2026-05-19 07:35:11,267 INFO o.a.j.JMeter: java.version=1.8.0_275
2026-05-19 07:35:11,267 INFO o.a.j.JMeter: java.vm.name=OpenJDK 64-Bit Server VM
2026-05-19 07:35:11,268 INFO o.a.j.JMeter: os.name=Linux
2026-05-19 07:35:11,269 INFO o.a.j.JMeter: os.arch=amd64
2026-05-19 07:35:11,270 INFO o.a.j.JMeter: os.version=6.6.87.2-microsoft-standard-WSL2
2026-05-19 07:35:11,271 INFO o.a.j.JMeter: file.encoding=UTF-8
2026-05-19 07:35:11,271 INFO o.a.j.JMeter: java.awt.headless=true
2026-05-19 07:35:11,272 INFO o.a.j.JMeter: Max memory     =3649044480
2026-05-19 07:35:11,273 INFO o.a.j.JMeter: Available Processors =12
2026-05-19 07:35:11,289 INFO o.a.j.JMeter: Default Locale=English (EN)
2026-05-19 07:35:11,291 INFO o.a.j.JMeter: JMeter  Locale=English (EN)
2026-05-19 07:35:11,291 INFO o.a.j.JMeter: JMeterHome=/opt/apache-jmeter-5.5
2026-05-19 07:35:11,292 INFO o.a.j.JMeter: user.dir  =/workspace
2026-05-19 07:35:11,293 INFO o.a.j.JMeter: PWD       =/workspace
2026-05-19 07:35:11,294 INFO o.a.j.JMeter: IP: 172.22.0.4 Name: 3f800e8ed41e FullName: 3f800e8ed41e
2026-05-19 07:35:11,352 INFO o.a.j.JMeter: Setting property 'jmeter.reportgenerator.outputdir' to:'/workspace/reports/entrega-2/jmeter/html'
2026-05-19 07:35:11,365 INFO o.a.j.s.FileServer: Default base='/workspace'
2026-05-19 07:35:11,368 INFO o.a.j.s.FileServer: Set new base='/workspace/tests/jmeter'
2026-05-19 07:35:11,644 INFO o.a.j.s.SaveService: Testplan (JMX) version: 2.2. Testlog (JTL) version: 2.2
2026-05-19 07:35:11,680 INFO o.a.j.s.SaveService: Using SaveService properties file encoding UTF-8
2026-05-19 07:35:11,691 INFO o.a.j.s.SaveService: Using SaveService properties version 5.0
2026-05-19 07:35:11,703 INFO o.a.j.s.SaveService: Loading file: /workspace/tests/jmeter/plan_pruebas_taskmanager.jmx
2026-05-19 07:35:11,812 INFO o.a.j.p.h.s.HTTPSamplerBase: Parser for text/html is org.apache.jmeter.protocol.http.parser.LagartoBasedHtmlParser
2026-05-19 07:35:11,812 INFO o.a.j.p.h.s.HTTPSamplerBase: Parser for application/xhtml+xml is org.apache.jmeter.protocol.http.parser.LagartoBasedHtmlParser
2026-05-19 07:35:11,813 INFO o.a.j.p.h.s.HTTPSamplerBase: Parser for application/xml is org.apache.jmeter.protocol.http.parser.LagartoBasedHtmlParser
2026-05-19 07:35:11,813 INFO o.a.j.p.h.s.HTTPSamplerBase: Parser for text/xml is org.apache.jmeter.protocol.http.parser.LagartoBasedHtmlParser
2026-05-19 07:35:11,814 INFO o.a.j.p.h.s.HTTPSamplerBase: Parser for text/vnd.wap.wml is org.apache.jmeter.protocol.http.parser.RegexpHTMLParser
2026-05-19 07:35:11,814 INFO o.a.j.p.h.s.HTTPSamplerBase: Parser for text/css is org.apache.jmeter.protocol.http.parser.CssParser
2026-05-19 07:35:12,432 INFO o.a.j.JMeter: Creating summariser <summary>
2026-05-19 07:35:12,446 INFO o.a.j.r.d.ReportGenerator: ReportGenerator will use for Parsing the separator: ','
2026-05-19 07:35:12,450 INFO o.a.j.r.d.ReportGenerator: Will generate report at end of test from  results file: /workspace/reports/entrega-2/jmeter/results.jtl
2026-05-19 07:35:12,451 INFO o.a.j.r.d.ReportGenerator: Reading report generator properties from: /opt/apache-jmeter-5.5/bin/reportgenerator.properties
2026-05-19 07:35:12,454 INFO o.a.j.r.d.ReportGenerator: Merging with JMeter properties
2026-05-19 07:35:12,465 INFO o.a.j.r.c.ReportGeneratorConfiguration: Property 'jmeter.reportgenerator.temp_dir' not found, using default value 'temp' instead.
2026-05-19 07:35:12,470 INFO o.a.j.r.c.ReportGeneratorConfiguration: Property 'jmeter.reportgenerator.apdex_per_transaction' not found, using default value 'null' instead.
2026-05-19 07:35:12,471 INFO o.a.j.r.c.ReportGeneratorConfiguration: apdex_per_transaction is empty, not APDEX per transaction customization
2026-05-19 07:35:12,471 INFO o.a.j.r.c.ReportGeneratorConfiguration: Property 'jmeter.reportgenerator.sample_filter' not found, using default value 'null' instead.
2026-05-19 07:35:12,472 INFO o.a.j.r.c.ReportGeneratorConfiguration: Property 'jmeter.reportgenerator.report_title' not found, using default value 'null' instead.
2026-05-19 07:35:12,472 INFO o.a.j.r.c.ReportGeneratorConfiguration: Property 'jmeter.reportgenerator.start_date' not found, using default value 'null' instead.
2026-05-19 07:35:12,473 INFO o.a.j.r.c.ReportGeneratorConfiguration: Property 'jmeter.reportgenerator.end_date' not found, using default value 'null' instead.
2026-05-19 07:35:12,473 INFO o.a.j.r.c.ReportGeneratorConfiguration: Property 'jmeter.reportgenerator.date_format' not found, using default value 'null' instead.
2026-05-19 07:35:12,474 INFO o.a.j.r.c.ReportGeneratorConfiguration: Will use date range start date: null, end date: null
2026-05-19 07:35:12,482 INFO o.a.j.r.c.ReportGeneratorConfiguration: Property 'jmeter.reportgenerator.graph.totalTPS.exclude_controllers' not found, using default value 'false' instead.
2026-05-19 07:35:12,483 INFO o.a.j.r.c.ReportGeneratorConfiguration: Property 'jmeter.reportgenerator.graph.activeThreadsOverTime.exclude_controllers' not found, using default value 'false' instead.
2026-05-19 07:35:12,484 INFO o.a.j.r.c.ReportGeneratorConfiguration: Property 'jmeter.reportgenerator.graph.timeVsThreads.exclude_controllers' not found, using default value 'false' instead.
2026-05-19 07:35:12,485 INFO o.a.j.r.c.ReportGeneratorConfiguration: Property 'jmeter.reportgenerator.graph.responseTimeDistribution.exclude_controllers' not found, using default value 'false' instead.
2026-05-19 07:35:12,485 INFO o.a.j.r.c.ReportGeneratorConfiguration: Property 'jmeter.reportgenerator.graph.transactionsPerSecond.exclude_controllers' not found, using default value 'false' instead.
2026-05-19 07:35:12,486 INFO o.a.j.r.c.ReportGeneratorConfiguration: Property 'jmeter.reportgenerator.graph.responseTimePercentiles.exclude_controllers' not found, using default value 'false' instead.
2026-05-19 07:35:12,486 INFO o.a.j.r.c.ReportGeneratorConfiguration: Property 'jmeter.reportgenerator.graph.responseTimePercentilesOverTime.exclude_controllers' not found, using default value 'false' instead.
2026-05-19 07:35:12,487 INFO o.a.j.r.c.ReportGeneratorConfiguration: Property 'jmeter.reportgenerator.graph.responseTimesOverTime.exclude_controllers' not found, using default value 'false' instead.
2026-05-19 07:35:12,487 INFO o.a.j.r.c.ReportGeneratorConfiguration: Property 'jmeter.reportgenerator.graph.connectTimeOverTime.exclude_controllers' not found, using default value 'false' instead.
2026-05-19 07:35:12,488 INFO o.a.j.r.c.ReportGeneratorConfiguration: Property 'jmeter.reportgenerator.graph.latenciesOverTime.exclude_controllers' not found, using default value 'false' instead.
2026-05-19 07:35:12,490 INFO o.a.j.r.c.ReportGeneratorConfiguration: Property 'jmeter.reportgenerator.exporter.json.filters_only_sample_series' not found, using default value 'true' instead.
2026-05-19 07:35:12,490 INFO o.a.j.r.c.ReportGeneratorConfiguration: Property 'jmeter.reportgenerator.exporter.json.series_filter' not found, using default value '' instead.
2026-05-19 07:35:12,491 INFO o.a.j.r.c.ReportGeneratorConfiguration: Property 'jmeter.reportgenerator.exporter.json.show_controllers_only' not found, using default value 'false' instead.
2026-05-19 07:35:12,492 INFO o.a.j.r.c.ReportGeneratorConfiguration: Property 'jmeter.reportgenerator.exporter.html.filters_only_sample_series' not found, using default value 'true' instead.
2026-05-19 07:35:12,492 INFO o.a.j.r.c.ReportGeneratorConfiguration: Property 'jmeter.reportgenerator.exporter.html.series_filter' not found, using default value '' instead.
2026-05-19 07:35:12,492 INFO o.a.j.r.c.ReportGeneratorConfiguration: Property 'jmeter.reportgenerator.exporter.html.show_controllers_only' not found, using default value 'false' instead.
2026-05-19 07:35:12,509 INFO o.a.j.e.StandardJMeterEngine: Running the test!
2026-05-19 07:35:12,511 INFO o.a.j.s.SampleEvent: List of sample_variables: []
2026-05-19 07:35:12,512 INFO o.a.j.s.SampleEvent: List of sample_variables: []
2026-05-19 07:35:12,523 INFO o.a.j.e.u.CompoundVariable: Note: Function class names must contain the string: '.functions.'
2026-05-19 07:35:12,523 INFO o.a.j.e.u.CompoundVariable: Note: Function class names must not contain the string: '.gui.'
2026-05-19 07:35:13,092 INFO o.a.j.JMeter: Running test (1779168913092)
2026-05-19 07:35:13,224 INFO o.a.j.e.StandardJMeterEngine: Starting ThreadGroup: 1 : Escenario 1 - Normal
2026-05-19 07:35:13,225 INFO o.a.j.e.StandardJMeterEngine: Starting 2 threads for group Escenario 1 - Normal.
2026-05-19 07:35:13,225 INFO o.a.j.e.StandardJMeterEngine: Thread will continue on error
2026-05-19 07:35:13,226 INFO o.a.j.t.ThreadGroup: Starting thread group... number=1 threads=2 ramp-up=1 delayedStart=false
2026-05-19 07:35:13,235 INFO o.a.j.t.ThreadGroup: Started thread group number 1
2026-05-19 07:35:13,236 INFO o.a.j.e.StandardJMeterEngine: Starting ThreadGroup: 2 : Escenario 2 - Carga
2026-05-19 07:35:13,236 INFO o.a.j.e.StandardJMeterEngine: Starting 1 threads for group Escenario 2 - Carga.
2026-05-19 07:35:13,237 INFO o.a.j.e.StandardJMeterEngine: Thread will continue on error
2026-05-19 07:35:13,237 INFO o.a.j.t.ThreadGroup: Starting thread group... number=2 threads=1 ramp-up=1 delayedStart=false
2026-05-19 07:35:13,240 INFO o.a.j.t.ThreadGroup: Started thread group number 2
2026-05-19 07:35:13,240 INFO o.a.j.e.StandardJMeterEngine: Starting ThreadGroup: 3 : Escenario 3 - Estrés
2026-05-19 07:35:13,241 INFO o.a.j.e.StandardJMeterEngine: Starting 1 threads for group Escenario 3 - Estrés.
2026-05-19 07:35:13,240 INFO o.a.j.s.SampleResult: Note: Sample TimeStamps are START times
2026-05-19 07:35:13,241 INFO o.a.j.e.StandardJMeterEngine: Thread will continue on error
2026-05-19 07:35:13,241 INFO o.a.j.s.SampleResult: sampleresult.default.encoding is set to ISO-8859-1
2026-05-19 07:35:13,242 INFO o.a.j.s.SampleResult: sampleresult.useNanoTime=true
2026-05-19 07:35:13,242 INFO o.a.j.t.ThreadGroup: Starting thread group... number=3 threads=1 ramp-up=1 delayedStart=false
2026-05-19 07:35:13,242 INFO o.a.j.s.SampleResult: sampleresult.nanoThreadSleep=5000
2026-05-19 07:35:13,245 INFO o.a.j.t.JMeterThread: Thread started: Escenario 1 - Normal 1-1
2026-05-19 07:35:13,245 INFO o.a.j.t.JMeterThread: Thread started: Escenario 2 - Carga 2-1
2026-05-19 07:35:13,245 INFO o.a.j.t.ThreadGroup: Started thread group number 3
2026-05-19 07:35:13,246 INFO o.a.j.e.StandardJMeterEngine: All thread groups have been started
2026-05-19 07:35:13,248 INFO o.a.j.t.JMeterThread: Thread started: Escenario 3 - Estrés 3-1
2026-05-19 07:35:13,292 INFO o.a.j.p.h.s.HTTPHCAbstractImpl: Local host = 3f800e8ed41e
2026-05-19 07:35:13,306 INFO o.a.j.p.h.s.HTTPHC4Impl: HTTP request retry count = 0
2026-05-19 07:35:13,737 INFO o.a.j.t.JMeterThread: Thread started: Escenario 1 - Normal 1-2
2026-05-19 07:35:13,895 INFO o.a.j.t.JMeterThread: Thread is done: Escenario 2 - Carga 2-1
2026-05-19 07:35:13,896 INFO o.a.j.t.JMeterThread: Thread finished: Escenario 2 - Carga 2-1
2026-05-19 07:35:13,946 INFO o.a.j.t.JMeterThread: Thread is done: Escenario 1 - Normal 1-1
2026-05-19 07:35:13,948 INFO o.a.j.t.JMeterThread: Thread finished: Escenario 1 - Normal 1-1
2026-05-19 07:35:13,951 INFO o.a.j.t.JMeterThread: Thread is done: Escenario 1 - Normal 1-2
2026-05-19 07:35:13,952 INFO o.a.j.t.JMeterThread: Thread finished: Escenario 1 - Normal 1-2
2026-05-19 07:35:18,255 INFO o.a.j.t.JMeterThread: Stopping because end time detected by thread: Escenario 3 - Estrés 3-1
2026-05-19 07:35:18,257 INFO o.a.j.t.JMeterThread: Thread finished: Escenario 3 - Estrés 3-1
2026-05-19 07:35:18,259 INFO o.a.j.e.StandardJMeterEngine: Notifying test listeners of end of test
2026-05-19 07:35:18,266 INFO o.a.j.r.Summariser: summary =      1 in 00:00:05 =    0.2/s Avg:    53 Min:    53 Max:    53 Err:     0 (0.00%)
2026-05-19 07:35:18,268 INFO o.a.j.JMeter: Generating Dashboard
2026-05-19 07:35:18,269 INFO o.a.j.r.d.ReportGenerator: Flushing result collector before report Generation
2026-05-19 07:35:18,339 INFO o.a.j.r.p.NormalizerSampleConsumer: Using format, 'ms', to parse timeStamp field
2026-05-19 07:35:18,789 INFO o.a.j.r.p.AbstractSampleConsumer: class org.apache.jmeter.report.processor.AggregateConsumer#stopProducing(): beginDate produced 0 samples
2026-05-19 07:35:18,791 INFO o.a.j.r.p.AbstractSampleConsumer: class org.apache.jmeter.report.processor.AggregateConsumer#stopProducing(): endDate produced 0 samples
2026-05-19 07:35:18,798 INFO o.a.j.r.p.AbstractSampleConsumer: class org.apache.jmeter.report.processor.ApdexSummaryConsumer#stopProducing(): apdexSummary produced 0 samples
2026-05-19 07:35:18,799 INFO o.a.j.r.p.AbstractSampleConsumer: class org.apache.jmeter.report.processor.RequestsSummaryConsumer#stopProducing(): requestsSummary produced 0 samples
2026-05-19 07:35:18,821 INFO o.a.j.r.p.AbstractSampleConsumer: class org.apache.jmeter.report.processor.StatisticsSummaryConsumer#stopProducing(): statisticsSummary produced 0 samples
2026-05-19 07:35:18,838 INFO o.a.j.r.p.AbstractSampleConsumer: class org.apache.jmeter.report.processor.Top5ErrorsBySamplerConsumer#stopProducing(): top5ErrorsBySampler produced 0 samples
2026-05-19 07:35:18,842 INFO o.a.j.r.p.AbstractSampleConsumer: class org.apache.jmeter.report.processor.ErrorsSummaryConsumer#stopProducing(): errorsSummary produced 0 samples
2026-05-19 07:35:18,847 INFO o.a.j.r.p.AbstractSampleConsumer: class org.apache.jmeter.report.processor.graph.impl.HitsPerSecondGraphConsumer#stopProducing(): hitsPerSecond produced 0 samples
2026-05-19 07:35:19,096 INFO o.a.j.r.p.AbstractSampleConsumer: class org.apache.jmeter.report.processor.graph.impl.LatencyVSRequestGraphConsumer#stopProducing(): latencyVsRequest produced 0 samples
2026-05-19 07:35:19,097 INFO o.a.j.r.p.AbstractSampleConsumer: class org.apache.jmeter.report.processor.graph.impl.SyntheticResponseTimeDistributionGraphConsumer#stopProducing(): syntheticResponseTimeDistribution produced 0 samples
2026-05-19 07:35:19,100 INFO o.a.j.r.p.AbstractSampleConsumer: class org.apache.jmeter.report.processor.graph.impl.BytesThroughputGraphConsumer#stopProducing(): bytesThroughputOverTime produced 0 samples
2026-05-19 07:35:19,102 INFO o.a.j.r.p.AbstractSampleConsumer: class org.apache.jmeter.report.processor.graph.impl.CodesPerSecondGraphConsumer#stopProducing(): codesPerSecond produced 0 samples
2026-05-19 07:35:19,223 INFO o.a.j.r.p.AbstractSampleConsumer: class org.apache.jmeter.report.processor.graph.impl.ResponseTimeVSRequestGraphConsumer#stopProducing(): responseTimeVsRequest produced 0 samples
2026-05-19 07:35:19,224 INFO o.a.j.r.p.AbstractSampleConsumer: class org.apache.jmeter.report.processor.FilterConsumer#stopProducing(): startIntervalControlerFilter produced 2926 samples
2026-05-19 07:35:19,224 INFO o.a.j.r.p.AbstractSampleConsumer: class org.apache.jmeter.report.processor.graph.impl.TotalTPSGraphConsumer#stopProducing(): totalTPS produced 0 samples
2026-05-19 07:35:19,225 INFO o.a.j.r.p.AbstractSampleConsumer: class org.apache.jmeter.report.processor.graph.impl.ActiveThreadsGraphConsumer#stopProducing(): activeThreadsOverTime produced 0 samples
2026-05-19 07:35:19,226 INFO o.a.j.r.p.AbstractSampleConsumer: class org.apache.jmeter.report.processor.graph.impl.TimeVSThreadGraphConsumer#stopProducing(): timeVsThreads produced 0 samples
2026-05-19 07:35:19,227 INFO o.a.j.r.p.AbstractSampleConsumer: class org.apache.jmeter.report.processor.graph.impl.ResponseTimeDistributionGraphConsumer#stopProducing(): responseTimeDistribution produced 0 samples
2026-05-19 07:35:19,228 INFO o.a.j.r.p.AbstractSampleConsumer: class org.apache.jmeter.report.processor.graph.impl.TransactionsPerSecondGraphConsumer#stopProducing(): transactionsPerSecond produced 0 samples
2026-05-19 07:35:19,229 INFO o.a.j.r.p.AbstractSampleConsumer: class org.apache.jmeter.report.processor.graph.impl.ResponseTimePercentilesGraphConsumer#stopProducing(): responseTimePercentiles produced 0 samples
2026-05-19 07:35:19,235 INFO o.a.j.r.p.AbstractSampleConsumer: class org.apache.jmeter.report.processor.graph.impl.ResponseTimePercentilesOverTimeGraphConsumer#stopProducing(): responseTimePercentilesOverTime produced 0 samples
2026-05-19 07:35:19,237 INFO o.a.j.r.p.AbstractSampleConsumer: class org.apache.jmeter.report.processor.graph.impl.ResponseTimeOverTimeGraphConsumer#stopProducing(): responseTimesOverTime produced 0 samples
2026-05-19 07:35:19,238 INFO o.a.j.r.p.AbstractSampleConsumer: class org.apache.jmeter.report.processor.graph.impl.ConnectTimeOverTimeGraphConsumer#stopProducing(): connectTimeOverTime produced 0 samples
2026-05-19 07:35:19,240 INFO o.a.j.r.p.AbstractSampleConsumer: class org.apache.jmeter.report.processor.graph.impl.LatencyOverTimeGraphConsumer#stopProducing(): latenciesOverTime produced 0 samples
2026-05-19 07:35:19,241 INFO o.a.j.r.p.AbstractSampleConsumer: class org.apache.jmeter.report.processor.FilterConsumer#stopProducing(): nameFilter produced 8340 samples
2026-05-19 07:35:19,242 INFO o.a.j.r.p.AbstractSampleConsumer: class org.apache.jmeter.report.processor.FilterConsumer#stopProducing(): dateRangeFilter produced 1668 samples
2026-05-19 07:35:19,242 INFO o.a.j.r.p.AbstractSampleConsumer: class org.apache.jmeter.report.processor.NormalizerSampleConsumer#stopProducing(): normalizer produced 556 samples
2026-05-19 07:35:19,245 INFO o.a.j.r.p.CsvFileSampleSource: produce(): 556 samples produced in 802ms on channel 0
2026-05-19 07:35:19,246 INFO o.a.j.r.d.ReportGenerator: Exporting data using exporter:'json' of className:'org.apache.jmeter.report.dashboard.JsonExporter'
2026-05-19 07:35:19,672 INFO o.a.j.r.d.JsonExporter: Found data for consumer statisticsSummary in context
2026-05-19 07:35:19,673 INFO o.a.j.r.d.JsonExporter: Creating statistics for overall
2026-05-19 07:35:19,674 INFO o.a.j.r.d.JsonExporter: Creating statistics for other transactions
2026-05-19 07:35:19,676 INFO o.a.j.r.d.JsonExporter: Checking output folder
2026-05-19 07:35:19,693 INFO o.a.j.r.d.JsonExporter: Writing statistics JSON to /workspace/reports/entrega-2/jmeter/html/statistics.json
2026-05-19 07:35:19,784 INFO o.a.j.r.d.ReportGenerator: Exporting data using exporter:'html' of className:'org.apache.jmeter.report.dashboard.HtmlTemplateExporter'
2026-05-19 07:35:19,820 INFO o.a.j.r.d.HtmlTemplateExporter: Will generate dashboard in folder: /workspace/reports/entrega-2/jmeter/html
2026-05-19 07:35:20,063 INFO o.a.j.r.d.HtmlTemplateExporter: Report will be generated in: /workspace/reports/entrega-2/jmeter/html, creating folder structure
2026-05-19 07:35:20,087 INFO o.a.j.r.d.TemplateVisitor: Copying folder from '/opt/apache-jmeter-5.5/bin/report-template' to '/workspace/reports/entrega-2/jmeter/html', got message: /workspace/reports/entrega-2/jmeter/html, found non empty folder with following content [/workspace/reports/entrega-2/jmeter/html/statistics.json], will be ignored
2026-05-19 07:35:23,937 INFO o.a.j.JMeter: Dashboard generated
